<?xml version="1.0" encoding="UTF-8" ?>
<testsuite failures="0" time="0.245" errors="1" skipped="0" tests="1" name="sns.client.GreetingServiceTest">
  <properties>
    <property name="java.runtime.name" value="Java(TM) SE Runtime Environment"/>
    <property name="sun.boot.library.path" value="E:\Java\jdk1.6.0_02\jre\bin"/>
    <property name="java.vm.version" value="1.6.0_02-b06"/>
    <property name="java.vm.vendor" value="Sun Microsystems Inc."/>
    <property name="java.vendor.url" value="http://java.sun.com/"/>
    <property name="path.separator" value=";"/>
    <property name="java.vm.name" value="Java HotSpot(TM) Client VM"/>
    <property name="file.encoding.pkg" value="sun.io"/>
    <property name="user.country" value="CN"/>
    <property name="sun.java.launcher" value="SUN_STANDARD"/>
    <property name="sun.os.patch.level" value="Service Pack 1"/>
    <property name="java.vm.specification.name" value="Java Virtual Machine Specification"/>
    <property name="user.dir" value="D:\javaWork\Elt"/>
    <property name="java.runtime.version" value="1.6.0_02-b06"/>
    <property name="java.awt.graphicsenv" value="sun.awt.Win32GraphicsEnvironment"/>
    <property name="basedir" value="D:\javaWork\Elt"/>
    <property name="java.endorsed.dirs" value="E:\Java\jdk1.6.0_02\jre\lib\endorsed"/>
    <property name="os.arch" value="x86"/>
    <property name="surefire.real.class.path" value="C:\Users\ADMINI~1\AppData\Local\Temp\surefirebooter63709.jar"/>
    <property name="java.io.tmpdir" value="C:\Users\ADMINI~1\AppData\Local\Temp\"/>
    <property name="line.separator" value="
"/>
    <property name="java.vm.specification.vendor" value="Sun Microsystems Inc."/>
    <property name="user.variant" value=""/>
    <property name="os.name" value="Windows Vista"/>
    <property name="sun.jnu.encoding" value="GBK"/>
    <property name="java.library.path" value="E:\Java\jdk1.6.0_02\jre\bin;.;C:\Windows\Sun\Java\bin;C:\Windows\system32;C:\Windows;D:\android-sdk-windows\tools;E:\springside-3.3.4\tools\maven\apache-maven-2.2.1\bin;E:\Java\jdk1.6.0_02\bin;C:\Windows\system32;C:\Windows;C:\Windows\System32\Wbem;C:\Windows\System32\WindowsPowerShell\v1.0\;D:\Program Files (x86)\Windows7Master;D:\Program Files\TortoiseSVN\bin"/>
    <property name="surefire.test.class.path" value="D:\javaWork\Elt\target\test-classes;D:\javaWork\Elt\target\classes;C:\Users\Administrator\.m2\repository\mysql\mysql-connector-java\5.1.6\mysql-connector-java-5.1.6.jar;C:\Users\Administrator\.m2\repository\com\google\gwt\gwt-servlet\2.4.0\gwt-servlet-2.4.0.jar;C:\Users\Administrator\.m2\repository\com\google\gwt\gwt-user\2.4.0\gwt-user-2.4.0.jar;C:\Users\Administrator\.m2\repository\javax\validation\validation-api\1.0.0.GA\validation-api-1.0.0.GA.jar;C:\Users\Administrator\.m2\repository\javax\validation\validation-api\1.0.0.GA\validation-api-1.0.0.GA-sources.jar;C:\Users\Administrator\.m2\repository\com\google\gwt\gwt-dev\2.4.0\gwt-dev-2.4.0.jar;C:\Users\Administrator\.m2\repository\junit\junit\4.7\junit-4.7.jar;C:\Users\Administrator\.m2\repository\com\smartgwt\smartgwt\2.5\smartgwt-2.5.jar;C:\Users\Administrator\.m2\repository\com\smartgwt\smartgwt-skins\2.5\smartgwt-skins-2.5.jar;C:\Users\Administrator\.m2\repository\com\google\inject\guice\3.0\guice-3.0.jar;C:\Users\Administrator\.m2\repository\javax\inject\javax.inject\1\javax.inject-1.jar;C:\Users\Administrator\.m2\repository\aopalliance\aopalliance\1.0\aopalliance-1.0.jar;C:\Users\Administrator\.m2\repository\com\google\inject\extensions\guice-persist\3.0\guice-persist-3.0.jar;C:\Users\Administrator\.m2\repository\com\google\inject\extensions\guice-servlet\3.0\guice-servlet-3.0.jar;C:\Users\Administrator\.m2\repository\com\google\inject\extensions\guice-assistedinject\3.0\guice-assistedinject-3.0.jar;C:\Users\Administrator\.m2\repository\org\hibernate\ejb3-persistence\1.0.2.GA\ejb3-persistence-1.0.2.GA.jar;C:\Users\Administrator\.m2\repository\org\hibernate\hibernate-entitymanager\3.3.2.GA\hibernate-entitymanager-3.3.2.GA.jar;C:\Users\Administrator\.m2\repository\org\hibernate\hibernate\3.2.6.ga\hibernate-3.2.6.ga.jar;C:\Users\Administrator\.m2\repository\net\sf\ehcache\ehcache\1.2.3\ehcache-1.2.3.jar;C:\Users\Administrator\.m2\repository\commons-logging\commons-logging\1.0.4\commons-logging-1.0.4.jar;C:\Users\Administrator\.m2\repository\commons-collections\commons-collections\3.1\commons-collections-3.1.jar;C:\Users\Administrator\.m2\repository\javax\transaction\jta\1.1\jta-1.1.jar;C:\Users\Administrator\.m2\repository\asm\asm-attrs\1.5.3\asm-attrs-1.5.3.jar;C:\Users\Administrator\.m2\repository\dom4j\dom4j\1.6.1\dom4j-1.6.1.jar;C:\Users\Administrator\.m2\repository\antlr\antlr\2.7.6\antlr-2.7.6.jar;C:\Users\Administrator\.m2\repository\cglib\cglib\2.1_3\cglib-2.1_3.jar;C:\Users\Administrator\.m2\repository\asm\asm\1.5.3\asm-1.5.3.jar;C:\Users\Administrator\.m2\repository\org\hibernate\hibernate-annotations\3.4.0.GA\hibernate-annotations-3.4.0.GA.jar;C:\Users\Administrator\.m2\repository\org\hibernate\hibernate-commons-annotations\3.0.0.ga\hibernate-commons-annotations-3.0.0.ga.jar;C:\Users\Administrator\.m2\repository\javassist\javassist\3.4.GA\javassist-3.4.GA.jar;C:\Users\Administrator\.m2\repository\org\hibernate\hibernate-core\3.3.2.GA\hibernate-core-3.3.2.GA.jar;C:\Users\Administrator\.m2\repository\org\slf4j\slf4j-api\1.5.11\slf4j-api-1.5.11.jar;C:\Users\Administrator\.m2\repository\xml-apis\xml-apis\1.0.b2\xml-apis-1.0.b2.jar;C:\Users\Administrator\.m2\repository\ch\qos\logback\logback-classic\0.9.19\logback-classic-0.9.19.jar;C:\Users\Administrator\.m2\repository\ch\qos\logback\logback-core\0.9.19\logback-core-0.9.19.jar;C:\Users\Administrator\.m2\repository\com\h2database\h2\1.3.149\h2-1.3.149.jar;"/>
    <property name="java.specification.name" value="Java Platform API Specification"/>
    <property name="java.class.version" value="50.0"/>
    <property name="sun.management.compiler" value="HotSpot Client Compiler"/>
    <property name="os.version" value="6.1"/>
    <property name="user.home" value="C:\Users\Administrator"/>
    <property name="user.timezone" value=""/>
    <property name="java.awt.printerjob" value="sun.awt.windows.WPrinterJob"/>
    <property name="java.specification.version" value="1.6"/>
    <property name="file.encoding" value="GBK"/>
    <property name="user.name" value="Administrator"/>
    <property name="java.class.path" value="D:\javaWork\Elt\target\test-classes;D:\javaWork\Elt\target\classes;C:\Users\Administrator\.m2\repository\mysql\mysql-connector-java\5.1.6\mysql-connector-java-5.1.6.jar;C:\Users\Administrator\.m2\repository\com\google\gwt\gwt-servlet\2.4.0\gwt-servlet-2.4.0.jar;C:\Users\Administrator\.m2\repository\com\google\gwt\gwt-user\2.4.0\gwt-user-2.4.0.jar;C:\Users\Administrator\.m2\repository\javax\validation\validation-api\1.0.0.GA\validation-api-1.0.0.GA.jar;C:\Users\Administrator\.m2\repository\javax\validation\validation-api\1.0.0.GA\validation-api-1.0.0.GA-sources.jar;C:\Users\Administrator\.m2\repository\com\google\gwt\gwt-dev\2.4.0\gwt-dev-2.4.0.jar;C:\Users\Administrator\.m2\repository\junit\junit\4.7\junit-4.7.jar;C:\Users\Administrator\.m2\repository\com\smartgwt\smartgwt\2.5\smartgwt-2.5.jar;C:\Users\Administrator\.m2\repository\com\smartgwt\smartgwt-skins\2.5\smartgwt-skins-2.5.jar;C:\Users\Administrator\.m2\repository\com\google\inject\guice\3.0\guice-3.0.jar;C:\Users\Administrator\.m2\repository\javax\inject\javax.inject\1\javax.inject-1.jar;C:\Users\Administrator\.m2\repository\aopalliance\aopalliance\1.0\aopalliance-1.0.jar;C:\Users\Administrator\.m2\repository\com\google\inject\extensions\guice-persist\3.0\guice-persist-3.0.jar;C:\Users\Administrator\.m2\repository\com\google\inject\extensions\guice-servlet\3.0\guice-servlet-3.0.jar;C:\Users\Administrator\.m2\repository\com\google\inject\extensions\guice-assistedinject\3.0\guice-assistedinject-3.0.jar;C:\Users\Administrator\.m2\repository\org\hibernate\ejb3-persistence\1.0.2.GA\ejb3-persistence-1.0.2.GA.jar;C:\Users\Administrator\.m2\repository\org\hibernate\hibernate-entitymanager\3.3.2.GA\hibernate-entitymanager-3.3.2.GA.jar;C:\Users\Administrator\.m2\repository\org\hibernate\hibernate\3.2.6.ga\hibernate-3.2.6.ga.jar;C:\Users\Administrator\.m2\repository\net\sf\ehcache\ehcache\1.2.3\ehcache-1.2.3.jar;C:\Users\Administrator\.m2\repository\commons-logging\commons-logging\1.0.4\commons-logging-1.0.4.jar;C:\Users\Administrator\.m2\repository\commons-collections\commons-collections\3.1\commons-collections-3.1.jar;C:\Users\Administrator\.m2\repository\javax\transaction\jta\1.1\jta-1.1.jar;C:\Users\Administrator\.m2\repository\asm\asm-attrs\1.5.3\asm-attrs-1.5.3.jar;C:\Users\Administrator\.m2\repository\dom4j\dom4j\1.6.1\dom4j-1.6.1.jar;C:\Users\Administrator\.m2\repository\antlr\antlr\2.7.6\antlr-2.7.6.jar;C:\Users\Administrator\.m2\repository\cglib\cglib\2.1_3\cglib-2.1_3.jar;C:\Users\Administrator\.m2\repository\asm\asm\1.5.3\asm-1.5.3.jar;C:\Users\Administrator\.m2\repository\org\hibernate\hibernate-annotations\3.4.0.GA\hibernate-annotations-3.4.0.GA.jar;C:\Users\Administrator\.m2\repository\org\hibernate\hibernate-commons-annotations\3.0.0.ga\hibernate-commons-annotations-3.0.0.ga.jar;C:\Users\Administrator\.m2\repository\javassist\javassist\3.4.GA\javassist-3.4.GA.jar;C:\Users\Administrator\.m2\repository\org\hibernate\hibernate-core\3.3.2.GA\hibernate-core-3.3.2.GA.jar;C:\Users\Administrator\.m2\repository\org\slf4j\slf4j-api\1.5.11\slf4j-api-1.5.11.jar;C:\Users\Administrator\.m2\repository\xml-apis\xml-apis\1.0.b2\xml-apis-1.0.b2.jar;C:\Users\Administrator\.m2\repository\ch\qos\logback\logback-classic\0.9.19\logback-classic-0.9.19.jar;C:\Users\Administrator\.m2\repository\ch\qos\logback\logback-core\0.9.19\logback-core-0.9.19.jar;C:\Users\Administrator\.m2\repository\com\h2database\h2\1.3.149\h2-1.3.149.jar;"/>
    <property name="java.vm.specification.version" value="1.0"/>
    <property name="sun.arch.data.model" value="32"/>
    <property name="java.home" value="E:\Java\jdk1.6.0_02\jre"/>
    <property name="java.specification.vendor" value="Sun Microsystems Inc."/>
    <property name="user.language" value="zh"/>
    <property name="awt.toolkit" value="sun.awt.windows.WToolkit"/>
    <property name="java.vm.info" value="mixed mode, sharing"/>
    <property name="java.version" value="1.6.0_02"/>
    <property name="java.ext.dirs" value="E:\Java\jdk1.6.0_02\jre\lib\ext;C:\Windows\Sun\Java\lib\ext"/>
    <property name="sun.boot.class.path" value="E:\Java\jdk1.6.0_02\jre\lib\resources.jar;E:\Java\jdk1.6.0_02\jre\lib\rt.jar;E:\Java\jdk1.6.0_02\jre\lib\sunrsasign.jar;E:\Java\jdk1.6.0_02\jre\lib\jsse.jar;E:\Java\jdk1.6.0_02\jre\lib\jce.jar;E:\Java\jdk1.6.0_02\jre\lib\charsets.jar;E:\Java\jdk1.6.0_02\jre\classes"/>
    <property name="java.vendor" value="Sun Microsystems Inc."/>
    <property name="localRepository" value="C:\Users\Administrator\.m2\repository"/>
    <property name="file.separator" value="\"/>
    <property name="java.vendor.url.bug" value="http://java.sun.com/cgi-bin/bugreport.cgi"/>
    <property name="sun.cpu.endian" value="little"/>
    <property name="sun.io.unicode.encoding" value="UnicodeLittle"/>
    <property name="sun.desktop" value="windows"/>
    <property name="sun.cpu.isalist" value="pentium_pro+mmx pentium_pro pentium+mmx pentium i486 i386 i86"/>
  </properties>
  <testcase time="0.23" classname="sns.client.GreetingServiceTest" name="testGreetServer">
    <error message="Guice provision errors:

1) Error in custom provider, java.lang.NullPointerException
  while locating com.google.inject.persist.jpa.JpaPersistService
  while locating javax.persistence.EntityManager

1 error" type="com.google.inject.ProvisionException">com.google.inject.ProvisionException: Guice provision errors:

1) Error in custom provider, java.lang.NullPointerException
  while locating com.google.inject.persist.jpa.JpaPersistService
  while locating javax.persistence.EntityManager

1 error
	at com.google.inject.internal.InjectorImpl$4.get(InjectorImpl.java:987)
	at com.google.inject.internal.InjectorImpl.getInstance(InjectorImpl.java:1013)
	at sns.client.GreetingServiceTest.startTx(GreetingServiceTest.java:61)
	at sns.client.GreetingServiceTest.setUp(GreetingServiceTest.java:34)
	at sun.reflect.NativeMethodAccessorImpl.invoke0(Native Method)
	at sun.reflect.NativeMethodAccessorImpl.invoke(NativeMethodAccessorImpl.java:39)
	at sun.reflect.DelegatingMethodAccessorImpl.invoke(DelegatingMethodAccessorImpl.java:25)
	at java.lang.reflect.Method.invoke(Method.java:597)
	at org.junit.runners.model.FrameworkMethod$1.runReflectiveCall(FrameworkMethod.java:44)
	at org.junit.internal.runners.model.ReflectiveCallable.run(ReflectiveCallable.java:15)
	at org.junit.runners.model.FrameworkMethod.invokeExplosively(FrameworkMethod.java:41)
	at org.junit.internal.runners.statements.RunBefores.evaluate(RunBefores.java:27)
	at org.junit.internal.runners.statements.RunAfters.evaluate(RunAfters.java:31)
	at org.junit.runners.BlockJUnit4ClassRunner.runChild(BlockJUnit4ClassRunner.java:76)
	at org.junit.runners.BlockJUnit4ClassRunner.runChild(BlockJUnit4ClassRunner.java:50)
	at org.junit.runners.ParentRunner$3.run(ParentRunner.java:193)
	at org.junit.runners.ParentRunner$1.schedule(ParentRunner.java:52)
	at org.junit.runners.ParentRunner.runChildren(ParentRunner.java:191)
	at org.junit.runners.ParentRunner.access$000(ParentRunner.java:42)
	at org.junit.runners.ParentRunner$2.evaluate(ParentRunner.java:184)
	at org.junit.runners.ParentRunner.run(ParentRunner.java:236)
	at org.apache.maven.surefire.junit4.JUnit4TestSet.execute(JUnit4TestSet.java:62)
	at org.apache.maven.surefire.suite.AbstractDirectoryTestSuite.executeTestSet(AbstractDirectoryTestSuite.java:140)
	at org.apache.maven.surefire.suite.AbstractDirectoryTestSuite.execute(AbstractDirectoryTestSuite.java:127)
	at org.apache.maven.surefire.Surefire.run(Surefire.java:177)
	at sun.reflect.NativeMethodAccessorImpl.invoke0(Native Method)
	at sun.reflect.NativeMethodAccessorImpl.invoke(NativeMethodAccessorImpl.java:39)
	at sun.reflect.DelegatingMethodAccessorImpl.invoke(DelegatingMethodAccessorImpl.java:25)
	at java.lang.reflect.Method.invoke(Method.java:597)
	at org.apache.maven.surefire.booter.SurefireBooter.runSuitesInProcess(SurefireBooter.java:345)
	at org.apache.maven.surefire.booter.SurefireBooter.main(SurefireBooter.java:1009)
Caused by: java.lang.NullPointerException
	at com.google.inject.persist.jpa.JpaPersistService.begin(JpaPersistService.java:70)
	at com.google.inject.persist.jpa.JpaPersistService.get(JpaPersistService.java:50)
	at com.google.inject.persist.jpa.JpaPersistService.get(JpaPersistService.java:34)
	at com.google.inject.internal.BoundProviderFactory.get(BoundProviderFactory.java:55)
	at com.google.inject.internal.InjectorImpl$4$1.call(InjectorImpl.java:978)
	at com.google.inject.internal.InjectorImpl.callInContext(InjectorImpl.java:1024)
	at com.google.inject.internal.InjectorImpl$4.get(InjectorImpl.java:974)
	... 30 more
</error>
  </testcase>
</testsuite>